<?xml version="1.0" encoding="UTF-8"?>
<persistence version="1.0" xmlns="http://java.sun.com/xml/ns/persistence" xmlns:xsi="http://www.w3.org/2001/XMLSchema-instance" xsi:schemaLocation="http://java.sun.com/xml/ns/persistence http://java.sun.com/xml/ns/persistence/persistence_1_0.xsd">
    <persistence-unit name="defaultPersistenceUnit" transaction-type="JTA">
        <!--<provider>org.eclipse.persistence.jpa.PersistenceProvider</provider>-->
        <provider>org.hibernate.ejb.HibernatePersistence</provider>
        <!--<jta-data-source>java:/DefaultDS</jta-data-source>-->
        <jta-data-source>java:jboss/jdbc/mymamDS</jta-data-source>
        <!--<jta-data-source>jdbc/__default</jta-data-source>-->
        <!--<jta-data-source>localJTA</jta-data-source>-->
        <properties>
            <property name="hibernate.dialect" value="org.hibernate.dialect.PostgreSQLDialect"/>
            <property name="hibernate.hbm2ddl.auto" value="create-drop"/>
            <!--<property name="eclipselink.ddl-generation" value="create-tables" />-->
        </properties>
    </persistence-unit>
</persistence>